2024-08-18 09:40:36,171 - INFO - This is the logger file for player 2, Divan
2024-08-18 09:40:36,172 - INFO - mo=money, vp=victory points, de=defences, di=discount, pe=permanant, te=temporary, , ca = cards, message
2024-08-18 09:40:36,172 - INFO - mo	vp	de	di	pe	te	ca	message
2024-08-18 09:40:36,172 - INFO - 3	0	0	0	0	0
2024-08-18 09:42:55,859 - INFO - 6	0	0	0	0	0	Black ship (+Trader) 3 + 0
2024-08-18 09:44:47,664 - INFO - 8	0	0	0	0	0	Yellow ship (+Trader) 2 + 0
2024-08-18 09:44:51,801 - INFO - 9	0	0	0	0	0	Subsequant player took a ship
2024-08-18 09:45:16,057 - INFO - 10	0	0	0	0	0	Yellow ship (+Trader) 1 + 0
2024-08-18 09:45:16,061 - INFO - 9	0	0	0	0	0	Ship (+Trader)
2024-08-18 09:45:36,264 - INFO - 2	0	0	0	0	0	Functional card - witzbold
2024-08-18 09:46:47,472 - INFO - 6	2	0	0	0	0	Black ship (+Trader) 4 + 0
2024-08-18 09:46:47,473 - INFO - -------------------- witzbold	
2024-08-18 09:46:53,353 - INFO - 7	2	0	0	0	0	Subsequant player took a ship
2024-08-18 09:46:53,353 - INFO - -------------------- witzbold	
2024-08-18 09:47:21,161 - INFO - 8	2	0	0	0	0	Tax for max defence
2024-08-18 09:47:21,161 - INFO - -------------------- witzbold	
2024-08-18 09:47:34,632 - INFO - 10	2	0	0	0	0	Yellow ship (+Trader) 2 + 0
2024-08-18 09:47:34,633 - INFO - -------------------- witzbold	
2024-08-18 09:48:45,064 - INFO - 3	2	0	0	0	0	Functional card - admiral
2024-08-18 09:48:45,065 - INFO - -------------------- witzbold	
2024-08-18 09:48:48,216 - INFO - 4	4	0	0	0	0	Subsequant player took a ship
2024-08-18 09:48:48,217 - INFO - -------------------- witzbold	
2024-08-18 09:48:48,217 - INFO - -------------------- admiral	
